<?xml version="1.0" encoding="UTF-8"?>
<testng-results ignored="0" total="2" passed="2" failed="0" skipped="0">
  <reporter-output>
  </reporter-output>
  <suite started-at="2022-07-20T11:34:30 IST" name="Default suite" finished-at="2022-07-20T11:35:03 IST" duration-ms="32798">
    <groups>
    </groups>
    <test started-at="2022-07-20T11:34:30 IST" name="Default test" finished-at="2022-07-20T11:35:03 IST" duration-ms="32798">
      <class name="Mobileworldnew.Allmobiles">
        <test-method signature="Latest(java.lang.String,java.lang.String,java.lang.String,java.lang.String,java.lang.String,java.lang.String,java.lang.String,java.lang.String,java.lang.String)[pri:0, instance:Mobileworldnew.Allmobiles@2a798d51]" started-at="2022-07-20T11:34:30 IST" name="Latest" data-provider="Data" finished-at="2022-07-20T11:34:48 IST" duration-ms="17936" status="PASS">
          <params>
            <param index="0">
              <value>
                <![CDATA[Rahul]]>
              </value>
            </param>
            <param index="1">
              <value>
                <![CDATA[C]]>
              </value>
            </param>
            <param index="2">
              <value>
                <![CDATA[rahulrameshan885@gmail.com]]>
              </value>
            </param>
            <param index="3">
              <value>
                <![CDATA[Rahul@96]]>
              </value>
            </param>
            <param index="4">
              <value>
                <![CDATA[9526018488]]>
              </value>
            </param>
            <param index="5">
              <value>
                <![CDATA[taliparamba]]>
              </value>
            </param>
            <param index="6">
              <value>
                <![CDATA[kannur]]>
              </value>
            </param>
            <param index="7">
              <value>
                <![CDATA[kannur]]>
              </value>
            </param>
            <param index="8">
              <value>
                <![CDATA[670142]]>
              </value>
            </param>
          </params>
          <reporter-output>
          </reporter-output>
        </test-method> <!-- Latest -->
        <test-method signature="Latest(java.lang.String,java.lang.String,java.lang.String,java.lang.String,java.lang.String,java.lang.String,java.lang.String,java.lang.String,java.lang.String)[pri:0, instance:Mobileworldnew.Allmobiles@2a798d51]" started-at="2022-07-20T11:34:48 IST" name="Latest" data-provider="Data" finished-at="2022-07-20T11:35:03 IST" duration-ms="14726" status="PASS">
          <params>
            <param index="0">
              <value>
                <![CDATA[RahHJVJHV@ul]]>
              </value>
            </param>
            <param index="1">
              <value>
                <![CDATA[45]]>
              </value>
            </param>
            <param index="2">
              <value>
                <![CDATA[rahulrameshan885gmail.com]]>
              </value>
            </param>
            <param index="3">
              <value>
                <![CDATA[Rahul@96]]>
              </value>
            </param>
            <param index="4">
              <value>
                <![CDATA[9526018UGKUGV488]]>
              </value>
            </param>
            <param index="5">
              <value>
                <![CDATA[talipJYHVJYCaramba]]>
              </value>
            </param>
            <param index="6">
              <value>
                <![CDATA[k@@nnur]]>
              </value>
            </param>
            <param index="7">
              <value>
                <![CDATA[kannur]]>
              </value>
            </param>
            <param index="8">
              <value>
                <![CDATA[6701TVJ2]]>
              </value>
            </param>
          </params>
          <reporter-output>
          </reporter-output>
        </test-method> <!-- Latest -->
      </class> <!-- Mobileworldnew.Allmobiles -->
    </test> <!-- Default test -->
  </suite> <!-- Default suite -->
</testng-results>
